ContentProviders/Audio/app/build/outputs/logs/manifest-merger-debug-report.txt
-- Merging decision tree log ---
manifest
ADDED from src/main/AndroidManifest.xml:2:1-23:12
INJECTED from src/main/AndroidManifest.xml:2:1-23:12
INJECTED from src/main/AndroidManifest.xml:2:1-23:12
INJECTED from src/main/AndroidManifest.xml:2:1-23:12
INJECTED from src/main/AndroidManifest.xml:2:1-23:12
	package
		ADDED from src/main/AndroidManifest.xml:2:11-50
	android:versionName
		ADDED from src/main/AndroidManifest.xml:5:3-28
		INJECTED from src/main/AndroidManifest.xml
		INJECTED from src/main/AndroidManifest.xml
	xmlns:android
		ADDED from src/main/AndroidManifest.xml:3:3-61
	android:versionCode
		ADDED from src/main/AndroidManifest.xml:4:3-26
		INJECTED from src/main/AndroidManifest.xml
		INJECTED from src/main/AndroidManifest.xml
supports-screens
ADDED from src/main/AndroidManifest.xml:7:3-10:36
	android:largeScreens
		ADDED from src/main/AndroidManifest.xml:8:5-33
	android:smallScreens
		ADDED from src/main/AndroidManifest.xml:10:5-33
	android:normalScreens
		ADDED from src/main/AndroidManifest.xml:9:5-33
application
ADDED from src/main/AndroidManifest.xml:11:3-22:17
	android:label
		ADDED from src/main/AndroidManifest.xml:14:5-37
	android:icon
		ADDED from src/main/AndroidManifest.xml:13:5-39
	android:allowBackup
		ADDED from src/main/AndroidManifest.xml:12:5-32
	android:theme
		ADDED from src/main/AndroidManifest.xml:15:5-42
activity#com.commonsware.android.audio.MainActivity
ADDED from src/main/AndroidManifest.xml:16:5-21:16
	android:name
		ADDED from src/main/AndroidManifest.xml:16:15-43
intent-filter#android.intent.action.MAIN+android.intent.category.LAUNCHER
ADDED from src/main/AndroidManifest.xml:17:7-20:23
action#android.intent.action.MAIN
ADDED from src/main/AndroidManifest.xml:18:9-61
	android:name
		ADDED from src/main/AndroidManifest.xml:18:17-58
category#android.intent.category.LAUNCHER
ADDED from src/main/AndroidManifest.xml:19:9-69
	android:name
		ADDED from src/main/AndroidManifest.xml:19:19-66
uses-sdk
INJECTED from src/main/AndroidManifest.xml reason: use-sdk injection requested
INJECTED from src/main/AndroidManifest.xml
INJECTED from src/main/AndroidManifest.xml
INJECTED from src/main/AndroidManifest.xml
INJECTED from src/main/AndroidManifest.xml
	android:targetSdkVersion
		INJECTED from src/main/AndroidManifest.xml
		ADDED from src/main/AndroidManifest.xml
		INJECTED from src/main/AndroidManifest.xml
	android:minSdkVersion
		INJECTED from src/main/AndroidManifest.xml
		ADDED from src/main/AndroidManifest.xml
		INJECTED from src/main/AndroidManifest.xml